<?xml version="1.0" encoding="UTF-8"?>
<testng-results skipped="0" failed="0" ignored="0" total="1" passed="1">
  <reporter-output>
  </reporter-output>
  <suite name="FirstSuite" duration-ms="30292" started-at="2018-08-18T12:21:36Z" finished-at="2018-08-18T12:22:06Z">
    <groups>
    </groups>
    <test name="First" duration-ms="30292" started-at="2018-08-18T12:21:36Z" finished-at="2018-08-18T12:22:06Z">
      <class name="selenium.NewTest">
        <test-method status="PASS" signature="testf()[pri:0, instance:selenium.NewTest@56cbfb61]" name="testf" duration-ms="30253" started-at="2018-08-18T12:21:36Z" finished-at="2018-08-18T12:22:06Z">
          <reporter-output>
          </reporter-output>
        </test-method> <!-- testf -->
      </class> <!-- selenium.NewTest -->
    </test> <!-- First -->
  </suite> <!-- FirstSuite -->
</testng-results>
