<?xml version="1.0" encoding="UTF-8"?>
<testng-results skipped="0" failed="0" ignored="0" total="1" passed="1">
  <reporter-output>
  </reporter-output>
  <suite name="Default suite" duration-ms="66568" started-at="2019-07-30T18:06:25Z" finished-at="2019-07-30T18:07:32Z">
    <groups>
    </groups>
    <test name="Default test" duration-ms="66568" started-at="2019-07-30T18:06:25Z" finished-at="2019-07-30T18:07:32Z">
      <class name="selenium.NewTest1">
        <test-method status="PASS" signature="f()[pri:0, instance:selenium.NewTest1@5622fdf]" name="f" duration-ms="66513" started-at="2019-07-30T18:06:25Z" finished-at="2019-07-30T18:07:32Z">
          <reporter-output>
          </reporter-output>
        </test-method> <!-- f -->
      </class> <!-- selenium.NewTest1 -->
    </test> <!-- Default test -->
  </suite> <!-- Default suite -->
</testng-results>
